2025-03-31 16:04:07 [main] INFO  ExtentListener - Capturing screenshot for failed test
2025-03-31 16:04:08 [main] INFO  ExtentListener - Start onFinish(ITestContext context)
2025-03-31 16:04:08 [main] INFO  ExtentListener - function onFinish run successfully
2025-03-31 16:24:28 [main] INFO  ExtentListener - ExtentListener is working
2025-03-31 16:24:28 [main] INFO  ExtentListener - extent == null, initializing
2025-03-31 16:24:28 [main] INFO  ExtentListener - ExtentListener: onStart - ExtentReports initialized
2025-03-31 16:24:54 [main] INFO  ExtentListener - onTestStart called for: TestCreateProductSetupVAT
2025-03-31 16:24:54 [main] INFO  ExtentListener - Test started: TestCreateProductSetupVAT
2025-03-31 16:24:54 [main] INFO  LoginPage - Starting login process...
2025-03-31 16:24:54 [main] INFO  LoginPage - Input password ...........Successfully
2025-03-31 16:24:54 [main] INFO  ProductPage2 - Starting navigateToProducts process...
2025-03-31 16:24:59 [main] INFO  ProductPage2 - Starting navigateToAllProducts process...
2025-03-31 16:24:59 [main] INFO  ProductPage2 - Starting clickCreateProduct process...
2025-03-31 16:24:59 [main] INFO  ProductPage2 - Starting inputProductName process...
2025-03-31 16:25:01 [main] INFO  ProductPage2 - Starting inputDescription process...
2025-03-31 16:25:01 [main] INFO  ProductPage2 - Starting selectImage process...
2025-03-31 16:25:01 [main] INFO  ProductPage2 - utility.scrollToElement(driver, clickSelectImage);
2025-03-31 16:25:01 [main] INFO  ProductPage2 - Starting inputListingPriceNoVariants/ Giá niêm yết process...
2025-03-31 16:25:01 [main] INFO  ProductPage2 - Starting inputSellingPriceNoVariants/ selling price process...
2025-03-31 16:25:02 [main] INFO  ProductPage2 - Starting inputCostPriceNoVariants/ giá gốc process...
2025-03-31 16:25:02 [main] INFO  ProductPage2 - Start function setTaxRate
2025-03-31 16:25:02 [main] INFO  ProductPage2 - Start function vatValue
2025-03-31 16:25:02 [main] ERROR ExtentListener - Test failed: TestCreateProductSetupVAT - java.lang.RuntimeException: Choose VAT failed by: invalid selector: Unable to locate an element with the xpath expression //button[contains(@class, 'uik-select__option')]//div[contains(@class, 'uik-select__label') and contains(text(), 'tax_10%') because of the following error:
SyntaxError: Failed to execute 'evaluate' on 'Document': The string '//button[contains(@class, 'uik-select__option')]//div[contains(@class, 'uik-select__label') and contains(text(), 'tax_10%')' is not a valid XPath expression.
  (Session info: chrome=134.0.6998.178)
For documentation on this error, please visit: https://www.selenium.dev/documentation/webdriver/troubleshooting/errors#invalid-selector-exception
Build info: version: '4.20.0', revision: '866c76ca80'
System info: os.name: 'Windows 10', os.arch: 'amd64', os.version: '10.0', java.version: '17.0.10'
Driver info: org.openqa.selenium.chrome.ChromeDriver
Command: [3f3393185caaf711aa5f8d7753d79d53, findElement {value=//button[contains(@class, 'uik-select__option')]//div[contains(@class, 'uik-select__label') and contains(text(), 'tax_10%'), using=xpath}]
Capabilities {acceptInsecureCerts: false, browserName: chrome, browserVersion: 134.0.6998.178, chrome: {chromedriverVersion: 134.0.6998.165 (fd886e2cb29..., userDataDir: C:\Users\admin\AppData\Loca...}, fedcm:accounts: true, goog:chromeOptions: {debuggerAddress: localhost:61603}, networkConnectionEnabled: false, pageLoadStrategy: normal, platformName: windows, proxy: Proxy(), se:cdp: ws://localhost:61603/devtoo..., se:cdpVersion: 134.0.6998.178, setWindowRect: true, strictFileInteractability: false, timeouts: {implicit: 0, pageLoad: 300000, script: 30000}, unhandledPromptBehavior: dismiss and notify, webauthn:extension:credBlob: true, webauthn:extension:largeBlob: true, webauthn:extension:minPinLength: true, webauthn:extension:prf: true, webauthn:virtualAuthenticators: true}
Session ID: 3f3393185caaf711aa5f8d7753d79d53
2025-03-31 16:25:02 [main] INFO  ExtentListener - Capturing screenshot for failed test
2025-03-31 16:25:02 [main] INFO  ExtentListener - Start function captureScreenshot
2025-03-31 16:25:02 [main] INFO  ExtentListener - captureScreenshot in onTestFailure: test-output/screenshots/TestCreateProductSetupVAT.png
2025-03-31 16:25:03 [main] INFO  ExtentListener - Start onFinish(ITestContext context)
2025-03-31 16:25:03 [main] INFO  ExtentListener - function onFinish run successfully
2025-03-31 16:27:13 [main] INFO  ExtentListener - ExtentListener is working
2025-03-31 16:27:13 [main] INFO  ExtentListener - extent == null, initializing
2025-03-31 16:27:14 [main] INFO  ExtentListener - ExtentListener: onStart - ExtentReports initialized
2025-03-31 16:27:38 [main] INFO  ExtentListener - onTestStart called for: TestCreateProductSetupVAT
2025-03-31 16:27:38 [main] INFO  ExtentListener - Test started: TestCreateProductSetupVAT
2025-03-31 16:27:38 [main] INFO  LoginPage - Starting login process...
2025-03-31 16:27:38 [main] INFO  LoginPage - Input password ...........Successfully
2025-03-31 16:27:39 [main] INFO  ProductPage2 - Starting navigateToProducts process...
2025-03-31 16:27:43 [main] INFO  ProductPage2 - Starting navigateToAllProducts process...
2025-03-31 16:27:44 [main] INFO  ProductPage2 - Starting clickCreateProduct process...
2025-03-31 16:27:44 [main] INFO  ProductPage2 - Starting inputProductName process...
2025-03-31 16:27:45 [main] INFO  ProductPage2 - Starting inputDescription process...
2025-03-31 16:27:45 [main] INFO  ProductPage2 - Starting selectImage process...
2025-03-31 16:27:45 [main] INFO  ProductPage2 - utility.scrollToElement(driver, clickSelectImage);
2025-03-31 16:27:46 [main] INFO  ProductPage2 - Starting inputListingPriceNoVariants/ Giá niêm yết process...
2025-03-31 16:27:46 [main] INFO  ProductPage2 - Starting inputSellingPriceNoVariants/ selling price process...
2025-03-31 16:27:46 [main] INFO  ProductPage2 - Starting inputCostPriceNoVariants/ giá gốc process...
2025-03-31 16:27:47 [main] INFO  ProductPage2 - Start function setTaxRate
2025-03-31 16:27:47 [main] INFO  ProductPage2 - Start function vatValue
2025-03-31 16:27:47 [main] ERROR ExtentListener - Test failed: TestCreateProductSetupVAT - java.lang.RuntimeException: Choose VAT failed by: invalid selector: Unable to locate an element with the xpath expression //button[contains(@class, 'uik-select__option')]//div[contains(@class, 'uik-select__label') and contains(text(), 'tax_10%') because of the following error:
SyntaxError: Failed to execute 'evaluate' on 'Document': The string '//button[contains(@class, 'uik-select__option')]//div[contains(@class, 'uik-select__label') and contains(text(), 'tax_10%')' is not a valid XPath expression.
  (Session info: chrome=134.0.6998.178)
For documentation on this error, please visit: https://www.selenium.dev/documentation/webdriver/troubleshooting/errors#invalid-selector-exception
Build info: version: '4.20.0', revision: '866c76ca80'
System info: os.name: 'Windows 10', os.arch: 'amd64', os.version: '10.0', java.version: '17.0.10'
Driver info: org.openqa.selenium.chrome.ChromeDriver
Command: [91d15c6ae1ef21e40981e677252313ed, findElement {value=//button[contains(@class, 'uik-select__option')]//div[contains(@class, 'uik-select__label') and contains(text(), 'tax_10%'), using=xpath}]
Capabilities {acceptInsecureCerts: false, browserName: chrome, browserVersion: 134.0.6998.178, chrome: {chromedriverVersion: 134.0.6998.165 (fd886e2cb29..., userDataDir: C:\Users\admin\AppData\Loca...}, fedcm:accounts: true, goog:chromeOptions: {debuggerAddress: localhost:61827}, networkConnectionEnabled: false, pageLoadStrategy: normal, platformName: windows, proxy: Proxy(), se:cdp: ws://localhost:61827/devtoo..., se:cdpVersion: 134.0.6998.178, setWindowRect: true, strictFileInteractability: false, timeouts: {implicit: 0, pageLoad: 300000, script: 30000}, unhandledPromptBehavior: dismiss and notify, webauthn:extension:credBlob: true, webauthn:extension:largeBlob: true, webauthn:extension:minPinLength: true, webauthn:extension:prf: true, webauthn:virtualAuthenticators: true}
Session ID: 91d15c6ae1ef21e40981e677252313ed
2025-03-31 16:27:47 [main] INFO  ExtentListener - Capturing screenshot for failed test
2025-03-31 16:27:47 [main] INFO  ExtentListener - Start function captureScreenshot
2025-03-31 16:27:47 [main] INFO  ExtentListener - captureScreenshot in onTestFailure: test-output/screenshots/TestCreateProductSetupVAT.png
2025-03-31 16:27:48 [main] INFO  ExtentListener - Start onFinish(ITestContext context)
2025-03-31 16:27:48 [main] INFO  ExtentListener - function onFinish run successfully
2025-03-31 16:32:48 [main] INFO  ExtentListener - ExtentListener is working
2025-03-31 16:32:48 [main] INFO  ExtentListener - extent == null, initializing
2025-03-31 16:32:48 [main] INFO  ExtentListener - ExtentListener: onStart - ExtentReports initialized
2025-03-31 16:32:48 [main] INFO  BaseTest - Log directory already exists: C:\Users\admin\Downloads\SM\HT\testJavaMaven/logs
2025-03-31 16:32:49 [main] INFO  BaseTest - WebDriver initialized successfully
2025-03-31 16:32:49 [main] WARN  BaseTest - ExtentTest (class) is null in setup
2025-03-31 16:32:49 [main] INFO  BaseTest - Log directory already exists: C:\Users\admin\Downloads\SM\HT\testJavaMaven/logs
2025-03-31 16:32:50 [main] INFO  BaseTest - WebDriver initialized successfully
2025-03-31 16:32:50 [main] WARN  BaseTest - ExtentTest (class) is null in setup
2025-03-31 16:33:11 [main] INFO  ExtentListener - onTestStart called for: TestCreateProductSetupVAT
2025-03-31 16:33:11 [main] INFO  ExtentListener - Test started: TestCreateProductSetupVAT
2025-03-31 16:33:15 [main] INFO  LoginPage - Starting login process...
2025-03-31 16:33:15 [main] INFO  LoginPage - Input password ...........Successfully
2025-03-31 16:33:15 [main] INFO  ProductPage2 - Starting navigateToProducts process...
2025-03-31 16:33:19 [main] INFO  ProductPage2 - Starting navigateToAllProducts process...
2025-03-31 16:33:20 [main] INFO  ProductPage2 - Starting clickCreateProduct process...
2025-03-31 16:33:20 [main] INFO  ProductPage2 - Starting inputProductName process...
2025-03-31 16:33:21 [main] INFO  ProductPage2 - Starting inputDescription process...
2025-03-31 16:33:21 [main] INFO  ProductPage2 - Starting selectImage process...
2025-03-31 16:33:21 [main] INFO  ProductPage2 - utility.scrollToElement(driver, clickSelectImage);
2025-03-31 16:33:22 [main] INFO  ProductPage2 - Starting inputListingPriceNoVariants/ Giá niêm yết process...
2025-03-31 16:33:22 [main] INFO  ProductPage2 - Starting inputSellingPriceNoVariants/ selling price process...
2025-03-31 16:33:22 [main] INFO  ProductPage2 - Starting inputCostPriceNoVariants/ giá gốc process...
2025-03-31 16:33:22 [main] INFO  ProductPage2 - Start function setTaxRate
2025-03-31 16:33:22 [main] INFO  ProductPage2 - Start function vatValue
2025-03-31 16:33:22 [main] ERROR ExtentListener - Test failed: TestCreateProductSetupVAT - java.lang.RuntimeException: Choose VAT failed by: invalid selector: Unable to locate an element with the xpath expression //button[contains(@class, 'uik-select__option')]//div[contains(@class, 'uik-select__label') and contains(text(), 'tax_10%') because of the following error:
SyntaxError: Failed to execute 'evaluate' on 'Document': The string '//button[contains(@class, 'uik-select__option')]//div[contains(@class, 'uik-select__label') and contains(text(), 'tax_10%')' is not a valid XPath expression.
  (Session info: chrome=134.0.6998.178)
For documentation on this error, please visit: https://www.selenium.dev/documentation/webdriver/troubleshooting/errors#invalid-selector-exception
Build info: version: '4.20.0', revision: '866c76ca80'
System info: os.name: 'Windows 10', os.arch: 'amd64', os.version: '10.0', java.version: '17.0.10'
Driver info: org.openqa.selenium.chrome.ChromeDriver
Command: [c853a9fb314d7751ace57a3b852b2b47, findElement {using=xpath, value=//button[contains(@class, 'uik-select__option')]//div[contains(@class, 'uik-select__label') and contains(text(), 'tax_10%')}]
Capabilities {acceptInsecureCerts: false, browserName: chrome, browserVersion: 134.0.6998.178, chrome: {chromedriverVersion: 134.0.6998.165 (fd886e2cb29..., userDataDir: C:\Users\admin\AppData\Loca...}, fedcm:accounts: true, goog:chromeOptions: {debuggerAddress: localhost:62155}, networkConnectionEnabled: false, pageLoadStrategy: normal, platformName: windows, proxy: Proxy(), se:cdp: ws://localhost:62155/devtoo..., se:cdpVersion: 134.0.6998.178, setWindowRect: true, strictFileInteractability: false, timeouts: {implicit: 0, pageLoad: 300000, script: 30000}, unhandledPromptBehavior: dismiss and notify, webauthn:extension:credBlob: true, webauthn:extension:largeBlob: true, webauthn:extension:minPinLength: true, webauthn:extension:prf: true, webauthn:virtualAuthenticators: true}
Session ID: c853a9fb314d7751ace57a3b852b2b47
2025-03-31 16:33:22 [main] INFO  ExtentListener - Capturing screenshot for failed test
2025-03-31 16:33:22 [main] INFO  ExtentListener - Start function captureScreenshot
2025-03-31 16:33:23 [main] INFO  ExtentListener - captureScreenshot in onTestFailure: test-output/screenshots/TestCreateProductSetupVAT.png
2025-03-31 16:33:23 [main] INFO  BaseTest - Start function close browser
2025-03-31 16:33:23 [main] INFO  BaseTest - Browser closed successfully
2025-03-31 16:33:23 [main] INFO  BaseTest - Start function close browser
2025-03-31 16:33:23 [main] INFO  BaseTest - Browser closed successfully
2025-03-31 16:33:23 [main] INFO  ExtentListener - Start onFinish(ITestContext context)
2025-03-31 16:33:23 [main] INFO  ExtentListener - function onFinish run successfully
2025-03-31 16:50:16 [main] INFO  ExtentListener - ExtentListener is working
2025-03-31 16:50:16 [main] INFO  ExtentListener - extent == null, initializing
2025-03-31 16:50:16 [main] INFO  ExtentListener - ExtentListener: onStart - ExtentReports initialized
2025-03-31 16:50:16 [main] INFO  BaseTest - Log directory already exists: C:\Users\admin\Downloads\SM\HT\testJavaMaven/logs
2025-03-31 16:50:17 [main] INFO  BaseTest - WebDriver initialized successfully
2025-03-31 16:50:17 [main] WARN  BaseTest - ExtentTest (class) is null in setup
2025-03-31 16:50:17 [main] INFO  BaseTest - Log directory already exists: C:\Users\admin\Downloads\SM\HT\testJavaMaven/logs
2025-03-31 16:50:18 [main] INFO  BaseTest - WebDriver initialized successfully
2025-03-31 16:50:18 [main] WARN  BaseTest - ExtentTest (class) is null in setup
2025-03-31 16:50:41 [main] INFO  ExtentListener - onTestStart called for: testCreateIMEIProduct
2025-03-31 16:50:41 [main] INFO  ExtentListener - Test started: testCreateIMEIProduct
2025-03-31 16:50:41 [main] INFO  LoginPage - Starting login process...
2025-03-31 16:50:41 [main] INFO  LoginPage - Input password ...........Successfully
2025-03-31 16:50:41 [main] INFO  ProductPage2 - Starting navigateToProducts process...
2025-03-31 16:50:46 [main] INFO  ProductPage2 - Starting navigateToAllProducts process...
2025-03-31 16:50:47 [main] INFO  ProductPage2 - Starting clickCreateProduct process...
2025-03-31 16:50:47 [main] INFO  ProductPage2 - Starting inputProductName process...
2025-03-31 16:50:48 [main] INFO  ProductPage2 - Starting inputDescription process...
2025-03-31 16:50:49 [main] INFO  ProductPage2 - Starting selectImage process...
2025-03-31 16:50:49 [main] INFO  ProductPage2 - utility.scrollToElement(driver, clickSelectImage);
2025-03-31 16:50:49 [main] INFO  ProductPage2 - Starting inputListingPriceNoVariants/ Giá niêm yết process...
2025-03-31 16:50:49 [main] INFO  ProductPage2 - Starting inputSellingPriceNoVariants/ selling price process...
2025-03-31 16:50:49 [main] INFO  ProductPage2 - Starting inputCostPriceNoVariants/ giá gốc process...
2025-03-31 16:50:50 [main] INFO  ProductPage2 - Starting manageIMEIProduct process...
2025-03-31 16:50:50 [main] INFO  ProductPage2 - Starting manageInventoryByProduct process...
2025-03-31 16:50:50 [main] INFO  ProductPage2 - Starting manageInventoryByImei process...
2025-03-31 16:50:50 [main] INFO  ProductPage2 - Starting verifyClickManageInventoryByImei process...
2025-03-31 16:50:50 [main] INFO  ProductPage2 - Starting clickSaveButton process...
2025-03-31 16:50:50 [main] INFO  ProductPage2 - Starting verifyCreateProduct process...
2025-03-31 16:50:52 [main] INFO  ExtentListener - Test passed: testCreateIMEIProduct
2025-03-31 16:50:52 [main] INFO  BaseTest - Start function close browser
2025-03-31 16:50:52 [main] INFO  BaseTest - Browser closed successfully
2025-03-31 16:50:52 [main] INFO  BaseTest - Start function close browser
2025-03-31 16:50:52 [main] INFO  BaseTest - Browser closed successfully
2025-03-31 16:50:52 [main] INFO  BaseTest - Log directory already exists: C:\Users\admin\Downloads\SM\HT\testJavaMaven/logs
2025-03-31 16:50:53 [main] INFO  BaseTest - WebDriver initialized successfully
2025-03-31 16:50:53 [main] INFO  BaseTest - Log directory already exists: C:\Users\admin\Downloads\SM\HT\testJavaMaven/logs
2025-03-31 16:50:54 [main] INFO  BaseTest - WebDriver initialized successfully
2025-03-31 16:51:17 [main] INFO  ExtentListener - onTestStart called for: testCreateNormalProductTest
2025-03-31 16:51:17 [main] INFO  ExtentListener - Test started: testCreateNormalProductTest
2025-03-31 16:51:17 [main] INFO  LoginPage - Starting login process...
2025-03-31 16:51:18 [main] INFO  LoginPage - Input password ...........Successfully
2025-03-31 16:51:18 [main] INFO  ProductPage2 - Starting navigateToProducts process...
2025-03-31 16:51:22 [main] INFO  ProductPage2 - Starting navigateToAllProducts process...
2025-03-31 16:51:23 [main] INFO  ProductPage2 - Start function deleteProductByName
2025-03-31 16:51:25 [main] INFO  ExtentListener - Test passed: testCreateNormalProductTest
2025-03-31 16:51:25 [main] INFO  ProductPage2 - Start function deleteProductByName
2025-03-31 16:51:28 [main] INFO  BaseTest - Start function close browser
2025-03-31 16:51:28 [main] INFO  BaseTest - Browser closed successfully
2025-03-31 16:51:28 [main] INFO  BaseTest - Start function close browser
2025-03-31 16:51:28 [main] INFO  BaseTest - Browser closed successfully
2025-03-31 16:51:28 [main] INFO  BaseTest - Log directory already exists: C:\Users\admin\Downloads\SM\HT\testJavaMaven/logs
2025-03-31 16:51:29 [main] INFO  BaseTest - WebDriver initialized successfully
2025-03-31 16:51:29 [main] INFO  BaseTest - Log directory already exists: C:\Users\admin\Downloads\SM\HT\testJavaMaven/logs
2025-03-31 16:51:30 [main] INFO  BaseTest - WebDriver initialized successfully
2025-03-31 16:51:53 [main] INFO  ExtentListener - onTestStart called for: TestCreateProductSetupVAT
2025-03-31 16:51:53 [main] INFO  ExtentListener - Test started: TestCreateProductSetupVAT
2025-03-31 16:51:53 [main] INFO  LoginPage - Starting login process...
2025-03-31 16:51:53 [main] INFO  LoginPage - Input password ...........Successfully
2025-03-31 16:51:53 [main] INFO  ProductPage2 - Starting navigateToProducts process...
2025-03-31 16:51:57 [main] INFO  ProductPage2 - Starting navigateToAllProducts process...
2025-03-31 16:51:58 [main] INFO  ProductPage2 - Starting clickCreateProduct process...
2025-03-31 16:51:58 [main] INFO  ProductPage2 - Starting inputProductName process...
2025-03-31 16:52:00 [main] INFO  ProductPage2 - Starting inputDescription process...
2025-03-31 16:52:00 [main] INFO  ProductPage2 - Starting selectImage process...
2025-03-31 16:52:00 [main] INFO  ProductPage2 - utility.scrollToElement(driver, clickSelectImage);
2025-03-31 16:52:00 [main] INFO  ProductPage2 - Starting inputListingPriceNoVariants/ Giá niêm yết process...
2025-03-31 16:52:01 [main] INFO  ProductPage2 - Starting inputSellingPriceNoVariants/ selling price process...
2025-03-31 16:52:01 [main] INFO  ProductPage2 - Starting inputCostPriceNoVariants/ giá gốc process...
2025-03-31 16:52:01 [main] INFO  ProductPage2 - Start function setTaxRate
2025-03-31 16:52:01 [main] INFO  ProductPage2 - Start function vatValue
2025-03-31 16:52:01 [main] ERROR ExtentListener - Test failed: TestCreateProductSetupVAT - java.lang.RuntimeException: Choose VAT failed by: invalid selector: Unable to locate an element with the xpath expression //button[contains(@class, 'uik-select__option')]//div[contains(@class, 'uik-select__label') and contains(text(), 'tax_10%') because of the following error:
SyntaxError: Failed to execute 'evaluate' on 'Document': The string '//button[contains(@class, 'uik-select__option')]//div[contains(@class, 'uik-select__label') and contains(text(), 'tax_10%')' is not a valid XPath expression.
  (Session info: chrome=134.0.6998.178)
For documentation on this error, please visit: https://www.selenium.dev/documentation/webdriver/troubleshooting/errors#invalid-selector-exception
Build info: version: '4.20.0', revision: '866c76ca80'
System info: os.name: 'Windows 10', os.arch: 'amd64', os.version: '10.0', java.version: '17.0.10'
Driver info: org.openqa.selenium.chrome.ChromeDriver
Command: [3ba1763544e8a8b5a9ddf554852faaf2, findElement {value=//button[contains(@class, 'uik-select__option')]//div[contains(@class, 'uik-select__label') and contains(text(), 'tax_10%'), using=xpath}]
Capabilities {acceptInsecureCerts: false, browserName: chrome, browserVersion: 134.0.6998.178, chrome: {chromedriverVersion: 134.0.6998.165 (fd886e2cb29..., userDataDir: C:\Users\admin\AppData\Loca...}, fedcm:accounts: true, goog:chromeOptions: {debuggerAddress: localhost:63207}, networkConnectionEnabled: false, pageLoadStrategy: normal, platformName: windows, proxy: Proxy(), se:cdp: ws://localhost:63207/devtoo..., se:cdpVersion: 134.0.6998.178, setWindowRect: true, strictFileInteractability: false, timeouts: {implicit: 0, pageLoad: 300000, script: 30000}, unhandledPromptBehavior: dismiss and notify, webauthn:extension:credBlob: true, webauthn:extension:largeBlob: true, webauthn:extension:minPinLength: true, webauthn:extension:prf: true, webauthn:virtualAuthenticators: true}
Session ID: 3ba1763544e8a8b5a9ddf554852faaf2
2025-03-31 16:52:01 [main] INFO  ExtentListener - Capturing screenshot for failed test
2025-03-31 16:52:01 [main] INFO  ExtentListener - Start function captureScreenshot
2025-03-31 16:52:01 [main] INFO  ExtentListener - captureScreenshot in onTestFailure: test-output/screenshots/TestCreateProductSetupVAT.png
2025-03-31 16:52:01 [main] INFO  BaseTest - Start function close browser
2025-03-31 16:52:02 [main] INFO  BaseTest - Browser closed successfully
2025-03-31 16:52:02 [main] INFO  BaseTest - Start function close browser
2025-03-31 16:52:02 [main] INFO  BaseTest - Browser closed successfully
2025-03-31 16:52:02 [main] INFO  BaseTest - Log directory already exists: C:\Users\admin\Downloads\SM\HT\testJavaMaven/logs
2025-03-31 16:52:03 [main] INFO  BaseTest - WebDriver initialized successfully
2025-03-31 16:52:03 [main] INFO  BaseTest - Log directory already exists: C:\Users\admin\Downloads\SM\HT\testJavaMaven/logs
2025-03-31 16:52:04 [main] INFO  BaseTest - WebDriver initialized successfully
2025-03-31 16:52:27 [main] INFO  ExtentListener - onTestStart called for: testCreateProductShowOnApp
2025-03-31 16:52:27 [main] INFO  ExtentListener - Test started: testCreateProductShowOnApp
2025-03-31 16:52:27 [main] INFO  LoginPage - Starting login process...
2025-03-31 16:52:27 [main] INFO  LoginPage - Input password ...........Successfully
2025-03-31 16:52:27 [main] INFO  ProductPage2 - Starting navigateToProducts process...
2025-03-31 16:52:32 [main] INFO  ProductPage2 - Starting navigateToAllProducts process...
2025-03-31 16:52:32 [main] INFO  ProductPage2 - Starting clickCreateProduct process...
2025-03-31 16:52:33 [main] INFO  ProductPage2 - Starting inputProductName process...
2025-03-31 16:52:34 [main] INFO  ProductPage2 - Starting inputDescription process...
2025-03-31 16:52:34 [main] INFO  ProductPage2 - Starting selectImage process...
2025-03-31 16:52:34 [main] INFO  ProductPage2 - utility.scrollToElement(driver, clickSelectImage);
2025-03-31 16:52:34 [main] INFO  ProductPage2 - Starting inputListingPriceNoVariants/ Giá niêm yết process...
2025-03-31 16:52:35 [main] INFO  ProductPage2 - Starting inputSellingPriceNoVariants/ selling price process...
2025-03-31 16:52:35 [main] INFO  ProductPage2 - Starting inputCostPriceNoVariants/ giá gốc process...
2025-03-31 16:52:36 [main] INFO  ProductPage2 - Start function setPlatformSelection
2025-03-31 16:52:36 [main] INFO  ProductPage2 - Starting clickSaveButton process...
2025-03-31 16:52:36 [main] INFO  ProductPage2 - Starting verifyCreateProduct process...
2025-03-31 16:52:37 [main] INFO  ExtentListener - Test passed: testCreateProductShowOnApp
2025-03-31 16:52:37 [main] INFO  BaseTest - Start function close browser
2025-03-31 16:52:38 [main] INFO  BaseTest - Browser closed successfully
2025-03-31 16:52:38 [main] INFO  BaseTest - Start function close browser
2025-03-31 16:52:38 [main] INFO  BaseTest - Browser closed successfully
2025-03-31 16:52:38 [main] INFO  BaseTest - Log directory already exists: C:\Users\admin\Downloads\SM\HT\testJavaMaven/logs
2025-03-31 16:52:39 [main] INFO  BaseTest - WebDriver initialized successfully
2025-03-31 16:52:39 [main] INFO  BaseTest - Log directory already exists: C:\Users\admin\Downloads\SM\HT\testJavaMaven/logs
2025-03-31 16:52:40 [main] INFO  BaseTest - WebDriver initialized successfully
2025-03-31 16:53:03 [main] INFO  ExtentListener - onTestStart called for: testCreateProductShowOnWeb
2025-03-31 16:53:03 [main] INFO  ExtentListener - Test started: testCreateProductShowOnWeb
2025-03-31 16:53:13 [main] ERROR LoginPage - inputUserName failed: Expected condition failed: waiting for visibility of element located by By.xpath: //input[@name= 'username'] (tried for 10 second(s) with 500 milliseconds interval)
Build info: version: '4.20.0', revision: '866c76ca80'
System info: os.name: 'Windows 10', os.arch: 'amd64', os.version: '10.0', java.version: '17.0.10'
Driver info: org.openqa.selenium.chrome.ChromeDriver
Capabilities {acceptInsecureCerts: false, browserName: chrome, browserVersion: 134.0.6998.178, chrome: {chromedriverVersion: 134.0.6998.165 (fd886e2cb29..., userDataDir: C:\Users\admin\AppData\Loca...}, fedcm:accounts: true, goog:chromeOptions: {debuggerAddress: localhost:63444}, networkConnectionEnabled: false, pageLoadStrategy: normal, platformName: windows, proxy: Proxy(), se:cdp: ws://localhost:63444/devtoo..., se:cdpVersion: 134.0.6998.178, setWindowRect: true, strictFileInteractability: false, timeouts: {implicit: 0, pageLoad: 300000, script: 30000}, unhandledPromptBehavior: dismiss and notify, webauthn:extension:credBlob: true, webauthn:extension:largeBlob: true, webauthn:extension:minPinLength: true, webauthn:extension:prf: true, webauthn:virtualAuthenticators: true}
Session ID: 5bb59822b7abfac3378c5848c816ff9c
2025-03-31 16:53:13 [main] ERROR ExtentListener - Test failed: testCreateProductShowOnWeb - org.openqa.selenium.TimeoutException: Input user name failed: org.openqa.selenium.TimeoutException: Expected condition failed: waiting for visibility of element located by By.xpath: //input[@name= 'username'] (tried for 10 second(s) with 500 milliseconds interval)
Build info: version: '4.20.0', revision: '866c76ca80'
System info: os.name: 'Windows 10', os.arch: 'amd64', os.version: '10.0', java.version: '17.0.10'
Driver info: org.openqa.selenium.chrome.ChromeDriver
Capabilities {acceptInsecureCerts: false, browserName: chrome, browserVersion: 134.0.6998.178, chrome: {chromedriverVersion: 134.0.6998.165 (fd886e2cb29..., userDataDir: C:\Users\admin\AppData\Loca...}, fedcm:accounts: true, goog:chromeOptions: {debuggerAddress: localhost:63444}, networkConnectionEnabled: false, pageLoadStrategy: normal, platformName: windows, proxy: Proxy(), se:cdp: ws://localhost:63444/devtoo..., se:cdpVersion: 134.0.6998.178, setWindowRect: true, strictFileInteractability: false, timeouts: {implicit: 0, pageLoad: 300000, script: 30000}, unhandledPromptBehavior: dismiss and notify, webauthn:extension:credBlob: true, webauthn:extension:largeBlob: true, webauthn:extension:minPinLength: true, webauthn:extension:prf: true, webauthn:virtualAuthenticators: true}
Session ID: 5bb59822b7abfac3378c5848c816ff9c
Build info: version: '4.20.0', revision: '866c76ca80'
System info: os.name: 'Windows 10', os.arch: 'amd64', os.version: '10.0', java.version: '17.0.10'
Driver info: driver.version: unknown
2025-03-31 16:53:13 [main] INFO  ExtentListener - Capturing screenshot for failed test
2025-03-31 16:53:13 [main] INFO  ExtentListener - Start function captureScreenshot
2025-03-31 16:53:14 [main] INFO  ExtentListener - captureScreenshot in onTestFailure: test-output/screenshots/testCreateProductShowOnWeb.png
2025-03-31 16:53:14 [main] INFO  BaseTest - Start function close browser
2025-03-31 16:53:14 [main] INFO  BaseTest - Browser closed successfully
2025-03-31 16:53:14 [main] INFO  BaseTest - Start function close browser
2025-03-31 16:53:14 [main] INFO  BaseTest - Browser closed successfully
2025-03-31 16:53:14 [main] INFO  BaseTest - Log directory already exists: C:\Users\admin\Downloads\SM\HT\testJavaMaven/logs
2025-03-31 16:53:15 [main] INFO  BaseTest - WebDriver initialized successfully
2025-03-31 16:53:15 [main] INFO  BaseTest - Log directory already exists: C:\Users\admin\Downloads\SM\HT\testJavaMaven/logs
2025-03-31 16:53:16 [main] INFO  BaseTest - WebDriver initialized successfully
2025-03-31 16:53:39 [main] INFO  ExtentListener - onTestStart called for: testCreateNormalProductTest
2025-03-31 16:53:39 [main] INFO  ExtentListener - Test started: testCreateNormalProductTest
2025-03-31 16:53:39 [main] INFO  LoginPage - Starting login process...
2025-03-31 16:53:39 [main] INFO  LoginPage - Input password ...........Successfully
2025-03-31 16:53:39 [main] INFO  ProductPage2 - Starting navigateToProducts process...
2025-03-31 16:53:45 [main] INFO  ProductPage2 - Starting navigateToAllProducts process...
2025-03-31 16:53:46 [main] INFO  ProductPage2 - Starting clickCreateProduct process...
2025-03-31 16:53:46 [main] INFO  ProductPage2 - Starting inputProductName process...
2025-03-31 16:53:48 [main] INFO  ProductPage2 - Starting inputDescription process...
2025-03-31 16:53:48 [main] INFO  ProductPage2 - Starting selectImage process...
2025-03-31 16:53:48 [main] INFO  ProductPage2 - utility.scrollToElement(driver, clickSelectImage);
2025-03-31 16:53:48 [main] INFO  ProductPage2 - Starting inputListingPriceNoVariants/ Giá niêm yết process...
2025-03-31 16:53:49 [main] INFO  ProductPage2 - Starting inputSellingPriceNoVariants/ selling price process...
2025-03-31 16:53:49 [main] INFO  ProductPage2 - Starting inputCostPriceNoVariants/ giá gốc process...
2025-03-31 16:53:49 [main] INFO  ProductPage2 - Starting manageNormalProduct process...
2025-03-31 16:53:49 [main] INFO  ProductPage2 - Starting manageInventoryByProduct process...
2025-03-31 16:53:49 [main] INFO  ProductPage2 - Starting manageStockNormalProduct process...
2025-03-31 16:53:49 [main] INFO  ProductPage2 - Starting verifyManageNormalStock process...
2025-03-31 16:53:49 [main] INFO  ProductPage2 - Starting clickSaveButton process...
2025-03-31 16:53:50 [main] INFO  ProductPage2 - Starting verifyCreateProduct process...
2025-03-31 16:53:51 [main] INFO  ExtentListener - Test passed: testCreateNormalProductTest
2025-03-31 16:53:51 [main] INFO  BaseTest - Start function close browser
2025-03-31 16:53:52 [main] INFO  BaseTest - Browser closed successfully
2025-03-31 16:53:52 [main] INFO  BaseTest - Start function close browser
2025-03-31 16:53:52 [main] INFO  BaseTest - Browser closed successfully
2025-03-31 16:53:52 [main] INFO  BaseTest - Log directory already exists: C:\Users\admin\Downloads\SM\HT\testJavaMaven/logs
2025-03-31 16:53:52 [main] INFO  BaseTest - WebDriver initialized successfully
2025-03-31 16:53:52 [main] INFO  BaseTest - Log directory already exists: C:\Users\admin\Downloads\SM\HT\testJavaMaven/logs
2025-03-31 16:53:53 [main] INFO  BaseTest - WebDriver initialized successfully
2025-03-31 16:54:17 [main] INFO  ExtentListener - onTestStart called for: testCreateProductHiddenTest
2025-03-31 16:54:17 [main] INFO  ExtentListener - Test started: testCreateProductHiddenTest
2025-03-31 16:54:17 [main] INFO  LoginPage - Starting login process...
2025-03-31 16:54:17 [main] INFO  LoginPage - Input password ...........Successfully
2025-03-31 16:54:18 [main] INFO  ProductPage2 - Starting navigateToProducts process...
2025-03-31 16:54:22 [main] INFO  ProductPage2 - Starting navigateToAllProducts process...
2025-03-31 16:54:23 [main] INFO  ProductPage2 - Starting clickCreateProduct process...
2025-03-31 16:54:23 [main] INFO  ProductPage2 - Starting inputProductName process...
2025-03-31 16:54:25 [main] INFO  ProductPage2 - Starting inputDescription process...
2025-03-31 16:54:25 [main] INFO  ProductPage2 - Starting selectImage process...
2025-03-31 16:54:25 [main] INFO  ProductPage2 - utility.scrollToElement(driver, clickSelectImage);
2025-03-31 16:54:25 [main] INFO  ProductPage2 - Starting inputListingPriceNoVariants/ Giá niêm yết process...
2025-03-31 16:54:26 [main] INFO  ProductPage2 - Starting inputSellingPriceNoVariants/ selling price process...
2025-03-31 16:54:26 [main] INFO  ProductPage2 - Starting inputCostPriceNoVariants/ giá gốc process...
2025-03-31 16:54:26 [main] INFO  ProductPage2 - Starting hideRemainingStockOnOnlineStore process...
2025-03-31 16:54:37 [main] ERROR ExtentListener - Test failed: testCreateProductHiddenTest - org.openqa.selenium.TimeoutException: hideRemainingStockOnOnlineStore failed: org.openqa.selenium.TimeoutException:  waitForVisibility org.openqa.selenium.TimeoutException: Expected condition failed: waiting for visibility of element located by By.id: isHideStock (tried for 10 second(s) with 500 milliseconds interval)
Build info: version: '4.20.0', revision: '866c76ca80'
System info: os.name: 'Windows 10', os.arch: 'amd64', os.version: '10.0', java.version: '17.0.10'
Driver info: org.openqa.selenium.chrome.ChromeDriver
Capabilities {acceptInsecureCerts: false, browserName: chrome, browserVersion: 134.0.6998.178, chrome: {chromedriverVersion: 134.0.6998.165 (fd886e2cb29..., userDataDir: C:\Users\admin\AppData\Loca...}, fedcm:accounts: true, goog:chromeOptions: {debuggerAddress: localhost:63666}, networkConnectionEnabled: false, pageLoadStrategy: normal, platformName: windows, proxy: Proxy(), se:cdp: ws://localhost:63666/devtoo..., se:cdpVersion: 134.0.6998.178, setWindowRect: true, strictFileInteractability: false, timeouts: {implicit: 0, pageLoad: 300000, script: 30000}, unhandledPromptBehavior: dismiss and notify, webauthn:extension:credBlob: true, webauthn:extension:largeBlob: true, webauthn:extension:minPinLength: true, webauthn:extension:prf: true, webauthn:virtualAuthenticators: true}
Session ID: 049bb76b888baadea9fed4b9fd83ac9a
Build info: version: '4.20.0', revision: '866c76ca80'
System info: os.name: 'Windows 10', os.arch: 'amd64', os.version: '10.0', java.version: '17.0.10'
Driver info: driver.version: unknown
Build info: version: '4.20.0', revision: '866c76ca80'
System info: os.name: 'Windows 10', os.arch: 'amd64', os.version: '10.0', java.version: '17.0.10'
Driver info: driver.version: unknown
2025-03-31 16:54:37 [main] INFO  ExtentListener - Capturing screenshot for failed test
2025-03-31 16:54:37 [main] INFO  ExtentListener - Start function captureScreenshot
2025-03-31 16:54:37 [main] INFO  ExtentListener - captureScreenshot in onTestFailure: test-output/screenshots/testCreateProductHiddenTest.png
2025-03-31 16:54:37 [main] INFO  BaseTest - Start function close browser
2025-03-31 16:54:37 [main] INFO  BaseTest - Browser closed successfully
2025-03-31 16:54:37 [main] INFO  BaseTest - Start function close browser
2025-03-31 16:54:37 [main] INFO  BaseTest - Browser closed successfully
2025-03-31 16:54:37 [main] INFO  BaseTest - Log directory already exists: C:\Users\admin\Downloads\SM\HT\testJavaMaven/logs
2025-03-31 16:54:38 [main] INFO  BaseTest - WebDriver initialized successfully
2025-03-31 16:54:38 [main] INFO  BaseTest - Log directory already exists: C:\Users\admin\Downloads\SM\HT\testJavaMaven/logs
2025-03-31 16:54:39 [main] INFO  BaseTest - WebDriver initialized successfully
2025-03-31 16:55:02 [main] INFO  ExtentListener - onTestStart called for: testCreateLotDateProductTest
2025-03-31 16:55:02 [main] INFO  ExtentListener - Test started: testCreateLotDateProductTest
2025-03-31 16:55:03 [main] INFO  LoginPage - Starting login process...
2025-03-31 16:55:03 [main] INFO  LoginPage - Input password ...........Successfully
2025-03-31 16:55:03 [main] INFO  ProductPage2 - Starting navigateToProducts process...
2025-03-31 16:55:09 [main] INFO  ProductPage2 - Starting navigateToAllProducts process...
2025-03-31 16:55:09 [main] INFO  ProductPage2 - Starting clickCreateProduct process...
2025-03-31 16:55:09 [main] INFO  ProductPage2 - Starting inputProductName process...
2025-03-31 16:55:12 [main] INFO  ProductPage2 - Starting inputDescription process...
2025-03-31 16:55:12 [main] INFO  ProductPage2 - Starting selectImage process...
2025-03-31 16:55:12 [main] INFO  ProductPage2 - utility.scrollToElement(driver, clickSelectImage);
2025-03-31 16:55:12 [main] INFO  ProductPage2 - Starting inputListingPriceNoVariants/ Giá niêm yết process...
2025-03-31 16:55:13 [main] INFO  ProductPage2 - Starting inputSellingPriceNoVariants/ selling price process...
2025-03-31 16:55:13 [main] INFO  ProductPage2 - Starting inputCostPriceNoVariants/ giá gốc process...
2025-03-31 16:55:13 [main] INFO  ProductPage2 - Starting manageLotProduct process...
2025-03-31 16:55:13 [main] INFO  ProductPage2 - Starting manageInventoryByProduct process...
2025-03-31 16:55:13 [main] INFO  ProductPage2 - Starting manageStockByLotDate process...
2025-03-31 16:55:13 [main] INFO  ProductPage2 - Starting clickManageStockByLotDate process...
2025-03-31 16:55:14 [main] INFO  ProductPage2 - Starting clickExcludeExpiredQuantity process...
2025-03-31 16:55:24 [main] ERROR ExtentListener - Test failed: testCreateLotDateProductTest - org.openqa.selenium.TimeoutException: manageLotProduct failed: org.openqa.selenium.TimeoutException: clickExcludeExpiredQuantity failed: org.openqa.selenium.TimeoutException: waitForPresence failed: org.openqa.selenium.TimeoutException: Expected condition failed: waiting for presence of element located by: By.id: expiredQuality (tried for 10 second(s) with 500 milliseconds interval)
Build info: version: '4.20.0', revision: '866c76ca80'
System info: os.name: 'Windows 10', os.arch: 'amd64', os.version: '10.0', java.version: '17.0.10'
Driver info: driver.version: unknown
Build info: version: '4.20.0', revision: '866c76ca80'
System info: os.name: 'Windows 10', os.arch: 'amd64', os.version: '10.0', java.version: '17.0.10'
Driver info: driver.version: unknown
Build info: version: '4.20.0', revision: '866c76ca80'
System info: os.name: 'Windows 10', os.arch: 'amd64', os.version: '10.0', java.version: '17.0.10'
Driver info: driver.version: unknown
2025-03-31 16:55:24 [main] INFO  ExtentListener - Capturing screenshot for failed test
2025-03-31 16:55:24 [main] INFO  ExtentListener - Start function captureScreenshot
2025-03-31 16:55:24 [main] INFO  ExtentListener - captureScreenshot in onTestFailure: test-output/screenshots/testCreateLotDateProductTest.png
2025-03-31 16:55:24 [main] INFO  BaseTest - Start function close browser
2025-03-31 16:55:25 [main] INFO  BaseTest - Browser closed successfully
2025-03-31 16:55:25 [main] INFO  BaseTest - Start function close browser
2025-03-31 16:55:25 [main] INFO  BaseTest - Browser closed successfully
2025-03-31 16:55:25 [main] INFO  BaseTest - Log directory already exists: C:\Users\admin\Downloads\SM\HT\testJavaMaven/logs
2025-03-31 16:55:25 [main] INFO  BaseTest - WebDriver initialized successfully
2025-03-31 16:55:25 [main] INFO  BaseTest - Log directory already exists: C:\Users\admin\Downloads\SM\HT\testJavaMaven/logs
2025-03-31 16:55:26 [main] INFO  BaseTest - WebDriver initialized successfully
2025-03-31 16:55:49 [main] INFO  ExtentListener - onTestStart called for: testCreateProductNoVariant
2025-03-31 16:55:49 [main] INFO  ExtentListener - Test started: testCreateProductNoVariant
2025-03-31 16:55:49 [main] INFO  LoginPage - Starting login process...
2025-03-31 16:55:49 [main] INFO  LoginPage - Input password ...........Successfully
2025-03-31 16:55:49 [main] INFO  ProductPage2 - Starting navigateToProducts process...
2025-03-31 16:55:54 [main] INFO  ProductPage2 - Starting navigateToAllProducts process...
2025-03-31 16:55:54 [main] INFO  ProductPage2 - Starting clickCreateProduct process...
2025-03-31 16:55:54 [main] INFO  ProductPage2 - Starting inputProductName process...
2025-03-31 16:55:56 [main] INFO  ProductPage2 - Starting inputDescription process...
2025-03-31 16:55:56 [main] INFO  ProductPage2 - Starting selectImage process...
2025-03-31 16:55:56 [main] INFO  ProductPage2 - utility.scrollToElement(driver, clickSelectImage);
2025-03-31 16:55:56 [main] INFO  ProductPage2 - Starting inputListingPriceNoVariants/ Giá niêm yết process...
2025-03-31 16:55:57 [main] INFO  ProductPage2 - Starting inputSellingPriceNoVariants/ selling price process...
2025-03-31 16:55:57 [main] INFO  ProductPage2 - Starting inputCostPriceNoVariants/ giá gốc process...
2025-03-31 16:55:57 [main] INFO  ProductPage2 - Starting clickSaveButton process...
2025-03-31 16:55:57 [main] INFO  ProductPage2 - Starting verifyCreateProduct process...
2025-03-31 16:55:59 [main] INFO  ExtentListener - Test passed: testCreateProductNoVariant
2025-03-31 16:55:59 [main] INFO  BaseTest - Start function close browser
2025-03-31 16:55:59 [main] INFO  BaseTest - Browser closed successfully
2025-03-31 16:55:59 [main] INFO  BaseTest - Start function close browser
2025-03-31 16:55:59 [main] INFO  BaseTest - Browser closed successfully
2025-03-31 16:55:59 [main] INFO  BaseTest - Log directory already exists: C:\Users\admin\Downloads\SM\HT\testJavaMaven/logs
2025-03-31 16:56:00 [main] INFO  BaseTest - WebDriver initialized successfully
2025-03-31 16:56:00 [main] INFO  BaseTest - Log directory already exists: C:\Users\admin\Downloads\SM\HT\testJavaMaven/logs
2025-03-31 16:56:01 [main] INFO  BaseTest - WebDriver initialized successfully
2025-03-31 16:56:25 [main] INFO  ExtentListener - onTestStart called for: testCreateProductShowOnInStore
2025-03-31 16:56:25 [main] INFO  ExtentListener - Test started: testCreateProductShowOnInStore
2025-03-31 16:56:25 [main] INFO  LoginPage - Starting login process...
2025-03-31 16:56:25 [main] INFO  LoginPage - Input password ...........Successfully
2025-03-31 16:56:25 [main] INFO  ProductPage2 - Starting navigateToProducts process...
2025-03-31 16:56:30 [main] INFO  ProductPage2 - Starting navigateToAllProducts process...
2025-03-31 16:56:31 [main] INFO  ProductPage2 - Starting clickCreateProduct process...
2025-03-31 16:56:31 [main] INFO  ProductPage2 - Starting inputProductName process...
2025-03-31 16:56:32 [main] INFO  ProductPage2 - Starting inputDescription process...
2025-03-31 16:56:33 [main] INFO  ProductPage2 - Starting selectImage process...
2025-03-31 16:56:33 [main] INFO  ProductPage2 - utility.scrollToElement(driver, clickSelectImage);
2025-03-31 16:56:33 [main] INFO  ProductPage2 - Starting inputListingPriceNoVariants/ Giá niêm yết process...
2025-03-31 16:56:33 [main] INFO  ProductPage2 - Starting inputSellingPriceNoVariants/ selling price process...
2025-03-31 16:56:33 [main] INFO  ProductPage2 - Starting inputCostPriceNoVariants/ giá gốc process...
2025-03-31 16:56:34 [main] INFO  ProductPage2 - Start function setPlatformSelection
2025-03-31 16:56:34 [main] INFO  ProductPage2 - Starting clickSaveButton process...
2025-03-31 16:56:34 [main] INFO  ProductPage2 - Starting verifyCreateProduct process...
2025-03-31 16:56:36 [main] INFO  ExtentListener - Test passed: testCreateProductShowOnInStore
2025-03-31 16:56:36 [main] INFO  BaseTest - Start function close browser
2025-03-31 16:56:36 [main] INFO  BaseTest - Browser closed successfully
2025-03-31 16:56:36 [main] INFO  BaseTest - Start function close browser
2025-03-31 16:56:36 [main] INFO  BaseTest - Browser closed successfully
2025-03-31 16:56:36 [main] INFO  BaseTest - Log directory already exists: C:\Users\admin\Downloads\SM\HT\testJavaMaven/logs
2025-03-31 16:56:37 [main] INFO  BaseTest - WebDriver initialized successfully
2025-03-31 16:56:37 [main] INFO  BaseTest - Log directory already exists: C:\Users\admin\Downloads\SM\HT\testJavaMaven/logs
2025-03-31 16:56:38 [main] INFO  BaseTest - WebDriver initialized successfully
2025-03-31 16:57:01 [main] INFO  ExtentListener - onTestStart called for: testCreateProductShowOnGoSocial
2025-03-31 16:57:01 [main] INFO  ExtentListener - Test started: testCreateProductShowOnGoSocial
2025-03-31 16:57:02 [main] INFO  LoginPage - Starting login process...
2025-03-31 16:57:02 [main] INFO  LoginPage - Input password ...........Successfully
2025-03-31 16:57:02 [main] INFO  ProductPage2 - Starting navigateToProducts process...
2025-03-31 16:57:10 [main] INFO  ProductPage2 - Starting navigateToAllProducts process...
2025-03-31 16:57:10 [main] INFO  ProductPage2 - Starting clickCreateProduct process...
2025-03-31 16:57:10 [main] INFO  ProductPage2 - Starting inputProductName process...
2025-03-31 16:57:12 [main] INFO  ProductPage2 - Starting inputDescription process...
2025-03-31 16:57:12 [main] INFO  ProductPage2 - Starting selectImage process...
2025-03-31 16:57:12 [main] INFO  ProductPage2 - utility.scrollToElement(driver, clickSelectImage);
2025-03-31 16:57:12 [main] INFO  ProductPage2 - Starting inputListingPriceNoVariants/ Giá niêm yết process...
2025-03-31 16:57:13 [main] INFO  ProductPage2 - Starting inputSellingPriceNoVariants/ selling price process...
2025-03-31 16:57:13 [main] INFO  ProductPage2 - Starting inputCostPriceNoVariants/ giá gốc process...
2025-03-31 16:57:13 [main] INFO  ProductPage2 - Start function setPlatformSelection
2025-03-31 16:57:14 [main] INFO  ProductPage2 - Starting clickSaveButton process...
2025-03-31 16:57:14 [main] INFO  ProductPage2 - Starting verifyCreateProduct process...
2025-03-31 16:57:16 [main] INFO  ExtentListener - Test passed: testCreateProductShowOnGoSocial
2025-03-31 16:57:16 [main] INFO  BaseTest - Start function close browser
2025-03-31 16:57:16 [main] INFO  BaseTest - Browser closed successfully
2025-03-31 16:57:16 [main] INFO  BaseTest - Start function close browser
2025-03-31 16:57:16 [main] INFO  BaseTest - Browser closed successfully
2025-03-31 16:57:16 [main] INFO  BaseTest - Log directory already exists: C:\Users\admin\Downloads\SM\HT\testJavaMaven/logs
2025-03-31 16:57:17 [main] INFO  BaseTest - WebDriver initialized successfully
2025-03-31 16:57:17 [main] INFO  BaseTest - Log directory already exists: C:\Users\admin\Downloads\SM\HT\testJavaMaven/logs
2025-03-31 16:57:18 [main] INFO  BaseTest - WebDriver initialized successfully
2025-03-31 16:57:43 [main] INFO  ExtentListener - onTestStart called for: testCreateProductWithOneVariantTest
2025-03-31 16:57:43 [main] INFO  ExtentListener - Test started: testCreateProductWithOneVariantTest
2025-03-31 16:57:43 [main] INFO  LoginPage - Starting login process...
2025-03-31 16:57:43 [main] INFO  LoginPage - Input password ...........Successfully
2025-03-31 16:57:43 [main] INFO  ProductPage2 - Starting navigateToProducts process...
2025-03-31 16:57:49 [main] INFO  ProductPage2 - Starting navigateToAllProducts process...
2025-03-31 16:57:49 [main] INFO  ProductPage2 - Starting clickCreateProduct process...
2025-03-31 16:57:49 [main] INFO  ProductPage2 - Starting inputProductName process...
2025-03-31 16:57:51 [main] INFO  ProductPage2 - Starting inputDescription process...
2025-03-31 16:57:51 [main] INFO  ProductPage2 - Starting selectImage process...
2025-03-31 16:57:51 [main] INFO  ProductPage2 - utility.scrollToElement(driver, clickSelectImage);
2025-03-31 16:57:51 [main] INFO  ProductPage2 - Starting click addVariants process...
2025-03-31 16:57:52 [main] INFO  ProductPage2 - Starting inputVariantName process...
2025-03-31 16:57:52 [main] INFO  ProductPage2 - Starting inputVariationValue process...
2025-03-31 16:58:10 [main] INFO  ProductPage2 - Starting clickSaveButton process...
2025-03-31 16:58:10 [main] INFO  ProductPage2 - Starting verifyCreateProduct process...
2025-03-31 16:58:11 [main] INFO  ExtentListener - Test passed: testCreateProductWithOneVariantTest
2025-03-31 16:58:11 [main] INFO  BaseTest - Start function close browser
2025-03-31 16:58:12 [main] INFO  BaseTest - Browser closed successfully
2025-03-31 16:58:12 [main] INFO  BaseTest - Start function close browser
2025-03-31 16:58:12 [main] INFO  BaseTest - Browser closed successfully
2025-03-31 16:58:12 [main] INFO  BaseTest - Log directory already exists: C:\Users\admin\Downloads\SM\HT\testJavaMaven/logs
2025-03-31 16:58:13 [main] INFO  BaseTest - WebDriver initialized successfully
2025-03-31 16:58:13 [main] INFO  BaseTest - Log directory already exists: C:\Users\admin\Downloads\SM\HT\testJavaMaven/logs
2025-03-31 16:58:14 [main] INFO  BaseTest - WebDriver initialized successfully
2025-03-31 16:58:36 [main] INFO  ExtentListener - onTestStart called for: testCreateProductNoVariant
2025-03-31 16:58:36 [main] INFO  ExtentListener - Test started: testCreateProductNoVariant
2025-03-31 16:58:36 [main] INFO  LoginPage - Starting login process...
2025-03-31 16:58:36 [main] INFO  LoginPage - Input password ...........Successfully
2025-03-31 16:58:37 [main] INFO  ProductPage2 - Starting navigateToProducts process...
2025-03-31 16:58:41 [main] INFO  ProductPage2 - Starting navigateToAllProducts process...
2025-03-31 16:58:41 [main] INFO  ProductPage2 - Starting clickCreateProduct process...
2025-03-31 16:58:41 [main] INFO  ProductPage2 - Starting inputProductName process...
2025-03-31 16:58:43 [main] INFO  ProductPage2 - Starting inputDescription process...
2025-03-31 16:58:43 [main] INFO  ProductPage2 - Starting selectImage process...
2025-03-31 16:58:43 [main] INFO  ProductPage2 - utility.scrollToElement(driver, clickSelectImage);
2025-03-31 16:58:43 [main] INFO  ProductPage2 - Starting addVariantGroups process...
2025-03-31 16:58:43 [main] INFO  ProductPage2 - Starting click addVariants process...
2025-03-31 16:58:44 [main] INFO  ProductPage2 - Starting inputVariantName process...
2025-03-31 16:58:44 [main] INFO  ProductPage2 - Starting inputVariationValue process...
2025-03-31 16:58:49 [main] INFO  ProductPage2 - Starting click addVariants process...
2025-03-31 16:58:49 [main] INFO  ProductPage2 - Starting inputVariantName process...
2025-03-31 16:58:50 [main] ERROR ExtentListener - Test failed: testCreateProductNoVariant - org.openqa.selenium.ElementClickInterceptedException: element click intercepted: Element <input name="variationName-1743415129729" placeholder="" maxlength="35" minlength="1" counterposition="topLeft" required="" id="variationName-1743415129729" type="text" class="sc-fznAgC dbXiMM is-untouched is-pristine av-invalid form-control" value=""> is not clickable at point (374, 660). Other element would receive the click: <div class="variation-group_item pt-0 p-2 cursor--pointer">...</div>
  (Session info: chrome=134.0.6998.178)
Build info: version: '4.20.0', revision: '866c76ca80'
System info: os.name: 'Windows 10', os.arch: 'amd64', os.version: '10.0', java.version: '17.0.10'
Driver info: org.openqa.selenium.chrome.ChromeDriver
Command: [60ef5bcf91baec50b66fbf133587c6d5, clickElement {id=f.C430AD66345B0D6A5A4142465DD9A7B7.d.43DA6DD0D1F11E54F71E08020190C09C.e.467}]
Capabilities {acceptInsecureCerts: false, browserName: chrome, browserVersion: 134.0.6998.178, chrome: {chromedriverVersion: 134.0.6998.165 (fd886e2cb29..., userDataDir: C:\Users\admin\AppData\Loca...}, fedcm:accounts: true, goog:chromeOptions: {debuggerAddress: localhost:64406}, networkConnectionEnabled: false, pageLoadStrategy: normal, platformName: windows, proxy: Proxy(), se:cdp: ws://localhost:64406/devtoo..., se:cdpVersion: 134.0.6998.178, setWindowRect: true, strictFileInteractability: false, timeouts: {implicit: 0, pageLoad: 300000, script: 30000}, unhandledPromptBehavior: dismiss and notify, webauthn:extension:credBlob: true, webauthn:extension:largeBlob: true, webauthn:extension:minPinLength: true, webauthn:extension:prf: true, webauthn:virtualAuthenticators: true}
Element: [[ChromeDriver: chrome on windows (60ef5bcf91baec50b66fbf133587c6d5)] -> xpath: //input[contains (@name, 'variationName')]]
Session ID: 60ef5bcf91baec50b66fbf133587c6d5
2025-03-31 16:58:50 [main] INFO  ExtentListener - Capturing screenshot for failed test
2025-03-31 16:58:50 [main] INFO  ExtentListener - Start function captureScreenshot
2025-03-31 16:58:50 [main] INFO  ExtentListener - captureScreenshot in onTestFailure: test-output/screenshots/testCreateProductNoVariant.png
2025-03-31 16:58:50 [main] INFO  BaseTest - Start function close browser
2025-03-31 16:58:51 [main] INFO  BaseTest - Browser closed successfully
2025-03-31 16:58:51 [main] INFO  BaseTest - Start function close browser
2025-03-31 16:58:51 [main] INFO  BaseTest - Browser closed successfully
2025-03-31 16:58:51 [main] INFO  ExtentListener - Start onFinish(ITestContext context)
2025-03-31 16:58:51 [main] INFO  ExtentListener - function onFinish run successfully
2025-03-31 17:20:22 [main] INFO  ExtentListener - ExtentListener is working
2025-03-31 17:20:22 [main] INFO  ExtentListener - extent == null, initializing
2025-03-31 17:20:22 [main] INFO  ExtentListener - ExtentListener: onStart - ExtentReports initialized
2025-03-31 17:20:22 [main] INFO  BaseTest - Log directory already exists: C:\Users\admin\Downloads\SM\HT\testJavaMaven/logs
2025-03-31 17:20:25 [main] INFO  BaseTest - WebDriver initialized successfully
2025-03-31 17:20:25 [main] WARN  BaseTest - ExtentTest (class) is null in setup
2025-03-31 17:20:25 [main] INFO  BaseTest - Log directory already exists: C:\Users\admin\Downloads\SM\HT\testJavaMaven/logs
2025-03-31 17:20:26 [main] INFO  BaseTest - WebDriver initialized successfully
2025-03-31 17:20:26 [main] WARN  BaseTest - ExtentTest (class) is null in setup
2025-03-31 17:20:49 [main] INFO  ExtentListener - onTestStart called for: testCreateIMEIProduct
2025-03-31 17:20:49 [main] INFO  ExtentListener - Test started: testCreateIMEIProduct
2025-03-31 17:20:49 [main] INFO  LoginPage - Starting login process...
2025-03-31 17:20:49 [main] INFO  LoginPage - Input password ...........Successfully
2025-03-31 17:20:49 [main] INFO  ProductPage2 - Starting navigateToProducts process...
2025-03-31 17:20:53 [main] INFO  ProductPage2 - Starting navigateToAllProducts process...
2025-03-31 17:20:54 [main] INFO  ProductPage2 - Starting clickCreateProduct process...
2025-03-31 17:20:54 [main] INFO  ProductPage2 - Starting inputProductName process...
2025-03-31 17:20:55 [main] INFO  ProductPage2 - Starting inputDescription process...
2025-03-31 17:20:56 [main] INFO  ProductPage2 - Starting selectImage process...
2025-03-31 17:20:56 [main] INFO  ProductPage2 - utility.scrollToElement(driver, clickSelectImage);
2025-03-31 17:20:56 [main] INFO  ProductPage2 - Starting inputListingPriceNoVariants/ Giá niêm yết process...
2025-03-31 17:20:56 [main] INFO  ProductPage2 - Starting inputSellingPriceNoVariants/ selling price process...
2025-03-31 17:20:56 [main] INFO  ProductPage2 - Starting inputCostPriceNoVariants/ giá gốc process...
2025-03-31 17:20:57 [main] INFO  ProductPage2 - Starting manageIMEIProduct process...
2025-03-31 17:20:57 [main] INFO  ProductPage2 - Starting manageInventoryByProduct process...
2025-03-31 17:20:57 [main] INFO  ProductPage2 - Starting manageInventoryByImei process...
2025-03-31 17:20:57 [main] INFO  ProductPage2 - Starting verifyClickManageInventoryByImei process...
2025-03-31 17:20:57 [main] INFO  ProductPage2 - Starting clickSaveButton process...
2025-03-31 17:20:57 [main] INFO  ProductPage2 - Starting verifyCreateProduct process...
2025-03-31 17:20:58 [main] INFO  ExtentListener - Test passed: testCreateIMEIProduct
2025-03-31 17:20:58 [main] INFO  BaseTest - Start function close browser
2025-03-31 17:20:59 [main] INFO  BaseTest - Browser closed successfully
2025-03-31 17:20:59 [main] INFO  BaseTest - Start function close browser
2025-03-31 17:20:59 [main] INFO  BaseTest - Browser closed successfully
2025-03-31 17:20:59 [main] INFO  ExtentListener - Start onFinish(ITestContext context)
2025-03-31 17:20:59 [main] INFO  ExtentListener - function onFinish run successfully
2025-03-31 17:21:49 [main] INFO  ExtentListener - ExtentListener is working
2025-03-31 17:21:49 [main] INFO  ExtentListener - extent == null, initializing
2025-03-31 17:21:49 [main] INFO  ExtentListener - ExtentListener: onStart - ExtentReports initialized
2025-03-31 17:21:49 [main] INFO  BaseTest - Log directory already exists: C:\Users\admin\Downloads\SM\HT\testJavaMaven/logs
2025-03-31 17:21:51 [main] INFO  BaseTest - WebDriver initialized successfully
2025-03-31 17:21:51 [main] WARN  BaseTest - ExtentTest (class) is null in setup
2025-03-31 17:21:51 [main] INFO  BaseTest - Log directory already exists: C:\Users\admin\Downloads\SM\HT\testJavaMaven/logs
2025-03-31 17:21:51 [main] INFO  BaseTest - WebDriver initialized successfully
2025-03-31 17:21:51 [main] WARN  BaseTest - ExtentTest (class) is null in setup
2025-03-31 17:22:14 [main] INFO  ExtentListener - onTestStart called for: testCreateIMEIProduct
2025-03-31 17:22:14 [main] INFO  ExtentListener - Test started: testCreateIMEIProduct
2025-03-31 17:22:15 [main] INFO  LoginPage - Starting login process...
2025-03-31 17:22:15 [main] INFO  LoginPage - Input password ...........Successfully
2025-03-31 17:22:15 [main] INFO  ProductPage2 - Starting navigateToProducts process...
2025-03-31 17:22:19 [main] INFO  ProductPage2 - Starting navigateToAllProducts process...
2025-03-31 17:22:20 [main] INFO  ProductPage2 - Starting clickCreateProduct process...
2025-03-31 17:22:20 [main] INFO  ProductPage2 - Starting inputProductName process...
2025-03-31 17:22:22 [main] INFO  ProductPage2 - Starting inputDescription process...
2025-03-31 17:22:22 [main] INFO  ProductPage2 - Starting selectImage process...
2025-03-31 17:22:22 [main] INFO  ProductPage2 - utility.scrollToElement(driver, clickSelectImage);
2025-03-31 17:22:22 [main] INFO  ProductPage2 - Starting inputListingPriceNoVariants/ Giá niêm yết process...
2025-03-31 17:22:23 [main] INFO  ProductPage2 - Starting inputSellingPriceNoVariants/ selling price process...
2025-03-31 17:22:23 [main] INFO  ProductPage2 - Starting inputCostPriceNoVariants/ giá gốc process...
2025-03-31 17:22:23 [main] INFO  ProductPage2 - Starting manageIMEIProduct process...
2025-03-31 17:22:23 [main] INFO  ProductPage2 - Starting manageInventoryByProduct process...
2025-03-31 17:22:23 [main] INFO  ProductPage2 - Starting manageInventoryByImei process...
2025-03-31 17:22:24 [main] INFO  ProductPage2 - Starting verifyClickManageInventoryByImei process...
2025-03-31 17:22:24 [main] INFO  ProductPage2 - Starting clickSaveButton process...
2025-03-31 17:22:24 [main] INFO  ProductPage2 - Starting verifyCreateProduct process...
2025-03-31 17:22:26 [main] INFO  ExtentListener - Test passed: testCreateIMEIProduct
2025-03-31 17:22:26 [main] INFO  BaseTest - Start function close browser
2025-03-31 17:22:26 [main] INFO  BaseTest - Browser closed successfully
2025-03-31 17:22:26 [main] INFO  BaseTest - Start function close browser
2025-03-31 17:22:26 [main] INFO  BaseTest - Browser closed successfully
2025-03-31 17:22:26 [main] INFO  BaseTest - Log directory already exists: C:\Users\admin\Downloads\SM\HT\testJavaMaven/logs
2025-03-31 17:22:27 [main] INFO  BaseTest - WebDriver initialized successfully
2025-03-31 17:22:27 [main] INFO  BaseTest - Log directory already exists: C:\Users\admin\Downloads\SM\HT\testJavaMaven/logs
2025-03-31 17:22:28 [main] INFO  BaseTest - WebDriver initialized successfully
2025-03-31 17:22:51 [main] INFO  ExtentListener - onTestStart called for: testCreateNormalProductTest
2025-03-31 17:22:51 [main] INFO  ExtentListener - Test started: testCreateNormalProductTest
2025-03-31 17:22:51 [main] INFO  LoginPage - Starting login process...
2025-03-31 17:22:51 [main] INFO  LoginPage - Input password ...........Successfully
2025-03-31 17:22:52 [main] INFO  ProductPage2 - Starting navigateToProducts process...
2025-03-31 17:22:57 [main] INFO  ProductPage2 - Starting navigateToAllProducts process...
2025-03-31 17:22:58 [main] INFO  ProductPage2 - Start function deleteProductByName
2025-03-31 17:23:00 [main] INFO  ExtentListener - Test passed: testCreateNormalProductTest
2025-03-31 17:23:00 [main] INFO  ProductPage2 - Start function deleteProductByName
2025-03-31 17:23:03 [main] INFO  BaseTest - Start function close browser
2025-03-31 17:23:03 [main] INFO  BaseTest - Browser closed successfully
2025-03-31 17:23:03 [main] INFO  BaseTest - Start function close browser
2025-03-31 17:23:03 [main] INFO  BaseTest - Browser closed successfully
2025-03-31 17:23:03 [main] INFO  BaseTest - Log directory already exists: C:\Users\admin\Downloads\SM\HT\testJavaMaven/logs
2025-03-31 17:23:04 [main] INFO  BaseTest - WebDriver initialized successfully
2025-03-31 17:23:04 [main] INFO  BaseTest - Log directory already exists: C:\Users\admin\Downloads\SM\HT\testJavaMaven/logs
2025-03-31 17:23:05 [main] INFO  BaseTest - WebDriver initialized successfully
2025-03-31 17:23:28 [main] INFO  ExtentListener - onTestStart called for: TestCreateProductSetupVAT
2025-03-31 17:23:28 [main] INFO  ExtentListener - Test started: TestCreateProductSetupVAT
2025-03-31 17:23:28 [main] INFO  LoginPage - Starting login process...
2025-03-31 17:23:29 [main] INFO  LoginPage - Input password ...........Successfully
2025-03-31 17:23:29 [main] INFO  ProductPage2 - Starting navigateToProducts process...
2025-03-31 17:23:35 [main] INFO  ProductPage2 - Starting navigateToAllProducts process...
2025-03-31 17:23:36 [main] INFO  ProductPage2 - Starting clickCreateProduct process...
2025-03-31 17:23:36 [main] INFO  ProductPage2 - Starting inputProductName process...
2025-03-31 17:23:37 [main] INFO  ProductPage2 - Starting inputDescription process...
2025-03-31 17:23:38 [main] INFO  ProductPage2 - Starting selectImage process...
2025-03-31 17:23:38 [main] INFO  ProductPage2 - utility.scrollToElement(driver, clickSelectImage);
2025-03-31 17:23:38 [main] INFO  ProductPage2 - Starting inputListingPriceNoVariants/ Giá niêm yết process...
2025-03-31 17:23:39 [main] INFO  ProductPage2 - Starting inputSellingPriceNoVariants/ selling price process...
2025-03-31 17:23:39 [main] INFO  ProductPage2 - Starting inputCostPriceNoVariants/ giá gốc process...
2025-03-31 17:23:39 [main] INFO  ProductPage2 - Start function setTaxRate
2025-03-31 17:23:39 [main] INFO  ProductPage2 - Start function vatValue
2025-03-31 17:23:40 [main] ERROR ExtentListener - Test failed: TestCreateProductSetupVAT - java.lang.RuntimeException: Choose VAT failed by: invalid selector: Unable to locate an element with the xpath expression //button[contains(@class, 'uik-select__option')]//div[contains(@class, 'uik-select__label') and contains(text(), 'tax_10%') because of the following error:
SyntaxError: Failed to execute 'evaluate' on 'Document': The string '//button[contains(@class, 'uik-select__option')]//div[contains(@class, 'uik-select__label') and contains(text(), 'tax_10%')' is not a valid XPath expression.
  (Session info: chrome=134.0.6998.178)
For documentation on this error, please visit: https://www.selenium.dev/documentation/webdriver/troubleshooting/errors#invalid-selector-exception
Build info: version: '4.20.0', revision: '866c76ca80'
System info: os.name: 'Windows 10', os.arch: 'amd64', os.version: '10.0', java.version: '17.0.10'
Driver info: org.openqa.selenium.chrome.ChromeDriver
Command: [d5413bd0441ad4c9107a39a82a3ff762, findElement {value=//button[contains(@class, 'uik-select__option')]//div[contains(@class, 'uik-select__label') and contains(text(), 'tax_10%'), using=xpath}]
Capabilities {acceptInsecureCerts: false, browserName: chrome, browserVersion: 134.0.6998.178, chrome: {chromedriverVersion: 134.0.6998.165 (fd886e2cb29..., userDataDir: C:\Users\admin\AppData\Loca...}, fedcm:accounts: true, goog:chromeOptions: {debuggerAddress: localhost:49350}, networkConnectionEnabled: false, pageLoadStrategy: normal, platformName: windows, proxy: Proxy(), se:cdp: ws://localhost:49350/devtoo..., se:cdpVersion: 134.0.6998.178, setWindowRect: true, strictFileInteractability: false, timeouts: {implicit: 0, pageLoad: 300000, script: 30000}, unhandledPromptBehavior: dismiss and notify, webauthn:extension:credBlob: true, webauthn:extension:largeBlob: true, webauthn:extension:minPinLength: true, webauthn:extension:prf: true, webauthn:virtualAuthenticators: true}
Session ID: d5413bd0441ad4c9107a39a82a3ff762
2025-03-31 17:23:40 [main] INFO  ExtentListener - Capturing screenshot for failed test
2025-03-31 17:23:40 [main] INFO  ExtentListener - Start function captureScreenshot
2025-03-31 17:23:40 [main] INFO  ExtentListener - captureScreenshot in onTestFailure: test-output/screenshots/TestCreateProductSetupVAT.png
2025-03-31 17:23:40 [main] INFO  BaseTest - Start function close browser
2025-03-31 17:23:40 [main] INFO  BaseTest - Browser closed successfully
2025-03-31 17:23:40 [main] INFO  BaseTest - Start function close browser
2025-03-31 17:23:40 [main] INFO  BaseTest - Browser closed successfully
2025-03-31 17:23:40 [main] INFO  BaseTest - Log directory already exists: C:\Users\admin\Downloads\SM\HT\testJavaMaven/logs
2025-03-31 17:23:41 [main] INFO  BaseTest - WebDriver initialized successfully
2025-03-31 17:23:41 [main] INFO  BaseTest - Log directory already exists: C:\Users\admin\Downloads\SM\HT\testJavaMaven/logs
2025-03-31 17:23:42 [main] INFO  BaseTest - WebDriver initialized successfully
2025-03-31 17:24:05 [main] INFO  ExtentListener - onTestStart called for: testCreateProductShowOnApp
2025-03-31 17:24:05 [main] INFO  ExtentListener - Test started: testCreateProductShowOnApp
2025-03-31 17:24:06 [main] INFO  LoginPage - Starting login process...
2025-03-31 17:24:06 [main] INFO  LoginPage - Input password ...........Successfully
2025-03-31 17:24:06 [main] INFO  ProductPage2 - Starting navigateToProducts process...
2025-03-31 17:24:10 [main] INFO  ProductPage2 - Starting navigateToAllProducts process...
2025-03-31 17:24:11 [main] INFO  ProductPage2 - Starting clickCreateProduct process...
2025-03-31 17:24:11 [main] INFO  ProductPage2 - Starting inputProductName process...
2025-03-31 17:24:13 [main] INFO  ProductPage2 - Starting inputDescription process...
2025-03-31 17:24:13 [main] INFO  ProductPage2 - Starting selectImage process...
2025-03-31 17:24:13 [main] INFO  ProductPage2 - utility.scrollToElement(driver, clickSelectImage);
2025-03-31 17:24:13 [main] INFO  ProductPage2 - Starting inputListingPriceNoVariants/ Giá niêm yết process...
2025-03-31 17:24:14 [main] INFO  ProductPage2 - Starting inputSellingPriceNoVariants/ selling price process...
2025-03-31 17:24:14 [main] INFO  ProductPage2 - Starting inputCostPriceNoVariants/ giá gốc process...
2025-03-31 17:24:14 [main] INFO  ProductPage2 - Start function setPlatformSelection
2025-03-31 17:24:15 [main] INFO  ProductPage2 - Starting clickSaveButton process...
2025-03-31 17:24:15 [main] INFO  ProductPage2 - Starting verifyCreateProduct process...
2025-03-31 17:24:16 [main] INFO  ExtentListener - Test passed: testCreateProductShowOnApp
2025-03-31 17:24:16 [main] INFO  BaseTest - Start function close browser
2025-03-31 17:24:17 [main] INFO  BaseTest - Browser closed successfully
2025-03-31 17:24:17 [main] INFO  BaseTest - Start function close browser
2025-03-31 17:24:17 [main] INFO  BaseTest - Browser closed successfully
2025-03-31 17:24:17 [main] INFO  BaseTest - Log directory already exists: C:\Users\admin\Downloads\SM\HT\testJavaMaven/logs
2025-03-31 17:24:18 [main] INFO  BaseTest - WebDriver initialized successfully
2025-03-31 17:24:18 [main] INFO  BaseTest - Log directory already exists: C:\Users\admin\Downloads\SM\HT\testJavaMaven/logs
2025-03-31 17:24:19 [main] INFO  BaseTest - WebDriver initialized successfully
2025-03-31 17:24:42 [main] INFO  ExtentListener - onTestStart called for: testCreateProductShowOnWeb
2025-03-31 17:24:42 [main] INFO  ExtentListener - Test started: testCreateProductShowOnWeb
2025-03-31 17:24:42 [main] INFO  LoginPage - Starting login process...
2025-03-31 17:24:42 [main] INFO  LoginPage - Input password ...........Successfully
2025-03-31 17:24:42 [main] INFO  ProductPage2 - Starting navigateToProducts process...
2025-03-31 17:24:48 [main] INFO  ProductPage2 - Starting navigateToAllProducts process...
2025-03-31 17:24:49 [main] INFO  ProductPage2 - Starting clickCreateProduct process...
2025-03-31 17:24:49 [main] INFO  ProductPage2 - Starting inputProductName process...
2025-03-31 17:24:50 [main] INFO  ProductPage2 - Starting inputDescription process...
2025-03-31 17:24:51 [main] INFO  ProductPage2 - Starting selectImage process...
2025-03-31 17:24:51 [main] INFO  ProductPage2 - utility.scrollToElement(driver, clickSelectImage);
2025-03-31 17:24:51 [main] INFO  ProductPage2 - Starting inputListingPriceNoVariants/ Giá niêm yết process...
2025-03-31 17:24:52 [main] INFO  ProductPage2 - Starting inputSellingPriceNoVariants/ selling price process...
2025-03-31 17:24:52 [main] INFO  ProductPage2 - Starting inputCostPriceNoVariants/ giá gốc process...
2025-03-31 17:24:52 [main] INFO  ProductPage2 - Start function setPlatformSelection
2025-03-31 17:25:03 [main] ERROR ExtentListener - Test failed: testCreateProductShowOnWeb - java.lang.RuntimeException: Platform Select/Deselect Operation Failed: waitForPresence failed: org.openqa.selenium.TimeoutException: Expected condition failed: waiting for presence of element located by: By.xpath: //input[@name='onApp' and @type='checkbox'] (tried for 10 second(s) with 500 milliseconds interval)
Build info: version: '4.20.0', revision: '866c76ca80'
System info: os.name: 'Windows 10', os.arch: 'amd64', os.version: '10.0', java.version: '17.0.10'
Driver info: driver.version: unknown
2025-03-31 17:25:03 [main] INFO  ExtentListener - Capturing screenshot for failed test
2025-03-31 17:25:03 [main] INFO  ExtentListener - Start function captureScreenshot
2025-03-31 17:25:03 [main] ERROR ExtentListener - Test failed: testCreateProductShowOnWeb - org.openqa.selenium.NoSuchWindowException: no such window: target window already closed
from unknown error: web view not found
  (Session info: chrome=134.0.6998.178)
Build info: version: '4.20.0', revision: '866c76ca80'
System info: os.name: 'Windows 10', os.arch: 'amd64', os.version: '10.0', java.version: '17.0.10'
Driver info: org.openqa.selenium.chrome.ChromeDriver
Command: [81c40973e5466eee7937588cb488f1a2, screenshot {}]
Capabilities {acceptInsecureCerts: false, browserName: chrome, browserVersion: 134.0.6998.178, chrome: {chromedriverVersion: 134.0.6998.165 (fd886e2cb29..., userDataDir: C:\Users\admin\AppData\Loca...}, fedcm:accounts: true, goog:chromeOptions: {debuggerAddress: localhost:49861}, networkConnectionEnabled: false, pageLoadStrategy: normal, platformName: windows, proxy: Proxy(), se:cdp: ws://localhost:49861/devtoo..., se:cdpVersion: 134.0.6998.178, setWindowRect: true, strictFileInteractability: false, timeouts: {implicit: 0, pageLoad: 300000, script: 30000}, unhandledPromptBehavior: dismiss and notify, webauthn:extension:credBlob: true, webauthn:extension:largeBlob: true, webauthn:extension:minPinLength: true, webauthn:extension:prf: true, webauthn:virtualAuthenticators: true}
Session ID: 81c40973e5466eee7937588cb488f1a2
2025-03-31 17:25:03 [main] INFO  ExtentListener - Capturing screenshot for failed test
2025-03-31 17:25:03 [main] INFO  ExtentListener - Start function captureScreenshot
2025-03-31 17:25:03 [main] INFO  BaseTest - Start function close browser
2025-03-31 17:25:03 [main] INFO  BaseTest - Browser closed successfully
2025-03-31 17:25:03 [main] INFO  BaseTest - Start function close browser
2025-03-31 17:25:03 [main] INFO  BaseTest - Browser closed successfully
2025-03-31 17:25:03 [main] INFO  ExtentListener - Start onFinish(ITestContext context)
2025-03-31 17:25:03 [main] INFO  ExtentListener - function onFinish run successfully
